<?xml version="1.0" encoding="UTF-8"?>
<testsuite xmlns:xsi="http://www.w3.org/2001/XMLSchema-instance" xsi:noNamespaceSchemaLocation="https://maven.apache.org/surefire/maven-failsafe-plugin/xsd/failsafe-test-report-3.0.xsd" version="3.0" name="features.createPaymentAPI.CreatePaymentAPIBasicTests" time="15.408" tests="2" errors="0" skipped="0" failures="0">
  <properties>
[...]
</properties>
  <testcase name="verifyCreatePaymentAPIResponseDetails[0]" classname="features.createPaymentAPI.CreatePaymentAPIBasicTests" time="12.207">
    <system-out><![CDATA[[pool-2-thread-1] INFO  - 

-------------------------------------------------------------------------------------
     _______. _______ .______       _______ .__   __.  __  .___________.____    ____ 
    /       ||   ____||   _  \     |   ____||  \ |  | |  | |           |\   \  /   / 
   |   (----`|  |__   |  |_)  |    |  |__   |   \|  | |  | `---|  |----` \   \/   /  
    \   \    |   __|  |      /     |   __|  |  . `  | |  |     |  |       \_    _/   
.----)   |   |  |____ |  |\  \----.|  |____ |  |\   | |  |     |  |         |  |     
|_______/    |_______|| _| `._____||_______||__| \__| |__|     |__|         |__|    
                                                                                     
 News and tutorials at http://www.serenity-bdd.info                                  
 Documentation at https://wakaleo.gitbooks.io/the-serenity-book/content/             
 Join the Serenity Community on Gitter: https://gitter.im/serenity-bdd/serenity-core 
 Serenity BDD Support and Training at http://serenity-bdd.info/#/trainingandsupport  
-------------------------------------------------------------------------------------

[pool-2-thread-1] INFO  - 
  _____   ___   ___   _____     ___     _     ___   ___   ___   ___  
 |_   _| | __| / __| |_   _|   | _ \   /_\   / __| / __| | __| |   \ 
   | |   | _|  \__ \   | |     |  _/  / _ \  \__ \ \__ \ | _|  | |) |
   |_|   |___| |___/   |_|     |_|   /_/ \_\ |___/ |___/ |___| |___/ 

CreatePaymentAPI - To verify API Response Details
----------------------------------------------------------------------
[pool-2-thread-1] INFO  - 
  _____   ___   ___   _____     ___     _     ___   ___   ___   ___  
 |_   _| | __| / __| |_   _|   | _ \   /_\   / __| / __| | __| |   \ 
   | |   | _|  \__ \   | |     |  _/  / _ \  \__ \ \__ \ | _|  | |) |
   |_|   |___| |___/   |_|     |_|   /_/ \_\ |___/ |___/ |___| |___/ 

CreatePaymentAPI - To verify API Response Status Code and Structure
----------------------------------------------------------------------
[pool-3-thread-2] INFO net.thucydides.core.reports.ReportService - net.thucydides.core.reports.json.JSONTestOutcomeReporter@1e886a5b: Generating report for test outcome: Create payment API basic tests:verifyCreatePaymentAPIStatusCodeAndStructure
[pool-3-thread-1] INFO net.thucydides.core.reports.ReportService - net.thucydides.core.reports.json.JSONTestOutcomeReporter@1e886a5b: Generating report for test outcome: Create payment API basic tests:verifyCreatePaymentAPIResponseDetails
[pool-4-thread-1] INFO net.thucydides.core.reports.ReportService - net.thucydides.core.reports.html.HtmlAcceptanceTestReporter@d816dde: Generating report for test outcome: Create payment API basic tests:verifyCreatePaymentAPIResponseDetails
[pool-4-thread-2] INFO net.thucydides.core.reports.ReportService - net.thucydides.core.reports.html.HtmlAcceptanceTestReporter@d816dde: Generating report for test outcome: Create payment API basic tests:verifyCreatePaymentAPIStatusCodeAndStructure
[pool-4-thread-2] INFO serenity.reporting - 
-----------------------------------------------------------
| TEST NAME:   verifyCreatePaymentAPIStatusCodeAndStructure
| RESULT:      Passing
| REQUIREMENT: Create payment API basic tests
| REPORT:      file:///C:/Users/Hidayath/Serenity-BDD/target/site/serenity/a90017df231211ea1aff3cc1c343cd1ddd62e5761a29585f971ca7971b484e73.html
-----------------------------------------------------------
[pool-4-thread-1] INFO serenity.reporting - 
----------------------------------------------------
| TEST NAME:   verifyCreatePaymentAPIResponseDetails
| RESULT:      Passing
| REQUIREMENT: Create payment API basic tests
| REPORT:      file:///C:/Users/Hidayath/Serenity-BDD/target/site/serenity/179a3769c310f6f7782269b2723867daa38b7c3d0d67f01bb0627b2e7b8ec69b.html
----------------------------------------------------
|-- Make create payment API call: API User, {"custId":"custId1","fromAcctNo":"1235688755","toAcctNo":"1235688757","amount":"1","remarks":"Test transfer"}
|---- API User executes a POST on the resource api/payment
|-- Verify if the Response status Code is as expected
|-- Verify create payment API response details: API User
|---- Then amount should be an instance of java.lang.Double
|---- Then paymentId should be an instance of java.lang.Integer
|---- Then toAcctNo should be '1235688757'
|---- Then paymentCreatedDate should be a string matching the pattern '((20)[0-9]{2}-[0-9]{2}-[0-9]{2})'
|---- Then fromAcctNo should be '1235688755'
|---- Then paymentStatus should be 'SUCCESS'
|---- Then customerDetails Object should be not null
|---- Then ECN should be an instance of java.lang.Long
|---- Then phoneNumber should be an instance of java.lang.Long
|---- Then FirstName should be not (null or an empty string)
|---- Then custId should be 'custId1'
|---- Then LastName should be not (null or an empty string)
|---- Then SSN should be an instance of java.lang.Long
]]></system-out>
    <system-err><![CDATA[[pool-2-thread-1] INFO  - Test Suite Started: Create payment API basic tests
[pool-2-thread-1] INFO  - 
  _____   ___   ___   _____     ___   _____     _     ___   _____   ___   ___  
 |_   _| | __| / __| |_   _|   / __| |_   _|   /_\   | _ \ |_   _| | __| |   \ 
   | |   | _|  \__ \   | |     \__ \   | |    / _ \  |   /   | |   | _|  | |) |
   |_|   |___| |___/   |_|     |___/   |_|   /_/ \_\ |_|_\   |_|   |___| |___/ 

verifyCreatePaymentAPIResponseDetails[0]
--------------------------------------------------------------------------------
]]></system-err>
  </testcase>
  <testcase name="verifyCreatePaymentAPIStatusCodeAndStructure[0]" classname="features.createPaymentAPI.CreatePaymentAPIBasicTests" time="1.926">
    <system-out><![CDATA[|-- Make create payment API call: API User, {"custId":"custId1","fromAcctNo":"1235688755","toAcctNo":"1235688757","amount":"1","remarks":"Test transfer"}
|---- API User executes a POST on the resource api/payment
|-- Verify if the Response status Code is as expected
|-- Verify if the Response time is as expected
|-- Verify if the Response Structure is as per the JSON Schema
]]></system-out>
    <system-err><![CDATA[[pool-2-thread-1] INFO  - 
  _____   ___   ___   _____     ___   _____     _     ___   _____   ___   ___  
 |_   _| | __| / __| |_   _|   / __| |_   _|   /_\   | _ \ |_   _| | __| |   \ 
   | |   | _|  \__ \   | |     \__ \   | |    / _ \  |   /   | |   | _|  | |) |
   |_|   |___| |___/   |_|     |___/   |_|   /_/ \_\ |_|_\   |_|   |___| |___/ 

verifyCreatePaymentAPIStatusCodeAndStructure[0]
--------------------------------------------------------------------------------
]]></system-err>
  </testcase>
</testsuite>